[0219/090345:ERROR:gles2_cmd_decoder.cc(5484)] .SharedGraphicsContext: GL ERROR :GL_INVALID_VALUE : glTexParameteri: unknown texture
[0219/090345:ERROR:gles2_cmd_decoder.cc(5484)] .SharedGraphicsContext: GL ERROR :GL_INVALID_VALUE : glTexParameteri: unknown texture
[0219/090733:ERROR:ipc_channel_win.cc(132)] pipe error: 109
[0219/090733:ERROR:ipc_channel_win.cc(132)] pipe error: 109
[0219/221705:ERROR:ipc_channel_win.cc(132)] pipe error: 109
[0226/083927:INFO:dhcp_proxy_script_adapter_fetcher_win.cc(267)] Error fetching PAC URL from DHCP: 2
[0226/083927:INFO:dhcp_proxy_script_adapter_fetcher_win.cc(267)] Error fetching PAC URL from DHCP: 2
[0226/083927:INFO:dhcp_proxy_script_adapter_fetcher_win.cc(267)] Error fetching PAC URL from DHCP: 2
[0226/083932:ERROR:gles2_cmd_decoder.cc(5484)] .SharedGraphicsContext: GL ERROR :GL_INVALID_VALUE : glTexParameteri: unknown texture
[0226/083937:INFO:dhcp_proxy_script_adapter_fetcher_win.cc(267)] Error fetching PAC URL from DHCP: 2
[0226/083937:INFO:dhcp_proxy_script_adapter_fetcher_win.cc(267)] Error fetching PAC URL from DHCP: 2
[0226/083937:INFO:dhcp_proxy_script_adapter_fetcher_win.cc(267)] Error fetching PAC URL from DHCP: 2
[0226/084016:INFO:dhcp_proxy_script_adapter_fetcher_win.cc(267)] Error fetching PAC URL from DHCP: 2
[0226/084016:INFO:dhcp_proxy_script_adapter_fetcher_win.cc(267)] Error fetching PAC URL from DHCP: 2
[0226/084016:INFO:dhcp_proxy_script_adapter_fetcher_win.cc(267)] Error fetching PAC URL from DHCP: 2
[0226/085040:INFO:dhcp_proxy_script_adapter_fetcher_win.cc(267)] Error fetching PAC URL from DHCP: 2
[0226/085040:INFO:dhcp_proxy_script_adapter_fetcher_win.cc(267)] Error fetching PAC URL from DHCP: 2
[0226/085040:INFO:dhcp_proxy_script_adapter_fetcher_win.cc(267)] Error fetching PAC URL from DHCP: 2
[0308/104508:ERROR:gpu_info_collector_win.cc(91)] Can't retrieve a valid WinSAT assessment.
[0308/104513:INFO:dhcp_proxy_script_adapter_fetcher_win.cc(267)] Error fetching PAC URL from DHCP: 2
[0308/104513:INFO:dhcp_proxy_script_adapter_fetcher_win.cc(267)] Error fetching PAC URL from DHCP: 2
[0308/104513:INFO:CONSOLE(0)] "ReferenceError: EdgeDOM is not defined
    at about:blank:0:7", source: about:blank (0)
[0308/104513:INFO:CONSOLE(0)] "ReferenceError: EdgeDOM is not defined
    at about:blank:0:7", source: about:blank (0)
[0308/104517:INFO:CONSOLE(23)] "Edge.$$ - no current symbol for: body", source: http://localhost:54321/_DRIVE_D_EVIRD_/Yellowstone/Lacan/_sources/Randonnee_Parallax/edge_includes/edge.authoring.3.0.0.min.js (23)
[0308/104517:INFO:CONSOLE(23)] "Edge.$$ - no current symbol for: body", source: http://localhost:54321/_DRIVE_D_EVIRD_/Yellowstone/Lacan/_sources/Randonnee_Parallax/edge_includes/edge.authoring.3.0.0.min.js (23)
[0308/104517:INFO:CONSOLE(23)] "Edge.$$ - no current symbol for: body", source: http://localhost:54321/_DRIVE_D_EVIRD_/Yellowstone/Lacan/_sources/Randonnee_Parallax/edge_includes/edge.authoring.3.0.0.min.js (23)
[0308/104517:INFO:CONSOLE(23)] "Edge.$$ - no current symbol for: [object HTMLHtmlElement]", source: http://localhost:54321/_DRIVE_D_EVIRD_/Yellowstone/Lacan/_sources/Randonnee_Parallax/edge_includes/edge.authoring.3.0.0.min.js (23)
[0308/104517:INFO:CONSOLE(23)] "Edge.$$ - no current symbol for: [object HTMLHtmlElement]", source: http://localhost:54321/_DRIVE_D_EVIRD_/Yellowstone/Lacan/_sources/Randonnee_Parallax/edge_includes/edge.authoring.3.0.0.min.js (23)
[0308/104517:INFO:CONSOLE(23)] "Edge.$$ - no current symbol for: body", source: http://localhost:54321/_DRIVE_D_EVIRD_/Yellowstone/Lacan/_sources/Randonnee_Parallax/edge_includes/edge.authoring.3.0.0.min.js (23)
[0308/104517:INFO:CONSOLE(23)] "Edge.$$ - no current symbol for: body", source: http://localhost:54321/_DRIVE_D_EVIRD_/Yellowstone/Lacan/_sources/Randonnee_Parallax/edge_includes/edge.authoring.3.0.0.min.js (23)
[0308/104517:INFO:CONSOLE(23)] "Edge.$$ - no current symbol for: body", source: http://localhost:54321/_DRIVE_D_EVIRD_/Yellowstone/Lacan/_sources/Randonnee_Parallax/edge_includes/edge.authoring.3.0.0.min.js (23)
[0308/104517:INFO:CONSOLE(23)] "Edge.$$ - no current symbol for: [object Object]", source: http://localhost:54321/_DRIVE_D_EVIRD_/Yellowstone/Lacan/_sources/Randonnee_Parallax/edge_includes/edge.authoring.3.0.0.min.js (23)
[0308/104517:INFO:CONSOLE(23)] "Edge.$$ - no current symbol for: [object Object]", source: http://localhost:54321/_DRIVE_D_EVIRD_/Yellowstone/Lacan/_sources/Randonnee_Parallax/edge_includes/edge.authoring.3.0.0.min.js (23)
[0308/104517:INFO:CONSOLE(23)] "Edge.$$ - no current symbol for: [object Object]", source: http://localhost:54321/_DRIVE_D_EVIRD_/Yellowstone/Lacan/_sources/Randonnee_Parallax/edge_includes/edge.authoring.3.0.0.min.js (23)
[0308/104517:INFO:CONSOLE(23)] "Edge.$$ - no current symbol for: [object Object]", source: http://localhost:54321/_DRIVE_D_EVIRD_/Yellowstone/Lacan/_sources/Randonnee_Parallax/edge_includes/edge.authoring.3.0.0.min.js (23)
[0308/104517:INFO:CONSOLE(23)] "Edge.$$ - no current symbol for: body", source: http://localhost:54321/_DRIVE_D_EVIRD_/Yellowstone/Lacan/_sources/Randonnee_Parallax/edge_includes/edge.authoring.3.0.0.min.js (23)
[0308/104517:INFO:CONSOLE(23)] "Edge.$$ - no current symbol for: body", source: http://localhost:54321/_DRIVE_D_EVIRD_/Yellowstone/Lacan/_sources/Randonnee_Parallax/edge_includes/edge.authoring.3.0.0.min.js (23)
[0308/104517:INFO:CONSOLE(23)] "Edge.$$ - no current symbol for: body", source: http://localhost:54321/_DRIVE_D_EVIRD_/Yellowstone/Lacan/_sources/Randonnee_Parallax/edge_includes/edge.authoring.3.0.0.min.js (23)
[0308/104517:INFO:CONSOLE(23)] "Edge.$$ - no current symbol for: body", source: http://localhost:54321/_DRIVE_D_EVIRD_/Yellowstone/Lacan/_sources/Randonnee_Parallax/edge_includes/edge.authoring.3.0.0.min.js (23)
[0308/104523:INFO:dhcp_proxy_script_adapter_fetcher_win.cc(267)] Error fetching PAC URL from DHCP: 2
[0308/104523:INFO:dhcp_proxy_script_adapter_fetcher_win.cc(267)] Error fetching PAC URL from DHCP: 2
[0308/104615:INFO:dhcp_proxy_script_adapter_fetcher_win.cc(267)] Error fetching PAC URL from DHCP: 2
[0308/104615:INFO:dhcp_proxy_script_adapter_fetcher_win.cc(267)] Error fetching PAC URL from DHCP: 2
